[2024-05-03T10:32:59.680+0000] {processor.py:161} INFO - Started process (PID=36) to work on /home/airflow/.local/lib/python3.12/site-packages/airflow/example_dags/example_subdag_operator.py
[2024-05-03T10:32:59.681+0000] {processor.py:830} INFO - Processing file /home/airflow/.local/lib/python3.12/site-packages/airflow/example_dags/example_subdag_operator.py for tasks to queue
[2024-05-03T10:32:59.684+0000] {logging_mixin.py:188} INFO - [2024-05-03T10:32:59.684+0000] {dagbag.py:540} INFO - Filling up the DagBag from /home/airflow/.local/lib/python3.12/site-packages/airflow/example_dags/example_subdag_operator.py
[2024-05-03T10:32:59.719+0000] {processor.py:840} INFO - DAG(s) 'example_subdag_operator.section-1', 'example_subdag_operator.section-2', 'example_subdag_operator' retrieved from /home/airflow/.local/lib/python3.12/site-packages/airflow/example_dags/example_subdag_operator.py
[2024-05-03T10:32:59.910+0000] {logging_mixin.py:188} INFO - [2024-05-03T10:32:59.910+0000] {dag.py:3096} INFO - Sync 3 DAGs
[2024-05-03T10:32:59.945+0000] {logging_mixin.py:188} INFO - [2024-05-03T10:32:59.944+0000] {dag.py:3954} INFO - Setting next_dagrun for example_subdag_operator to 2022-01-01 00:00:00+00:00, run_after=2022-01-01 00:00:00+00:00
[2024-05-03T10:32:59.953+0000] {logging_mixin.py:188} INFO - [2024-05-03T10:32:59.952+0000] {dag.py:3954} INFO - Setting next_dagrun for example_subdag_operator.section-1 to None, run_after=None
[2024-05-03T10:32:59.956+0000] {logging_mixin.py:188} INFO - [2024-05-03T10:32:59.956+0000] {dag.py:3954} INFO - Setting next_dagrun for example_subdag_operator.section-2 to None, run_after=None
[2024-05-03T10:32:59.986+0000] {logging_mixin.py:188} INFO - [2024-05-03T10:32:59.985+0000] {dag.py:3096} INFO - Sync 2 DAGs
[2024-05-03T10:33:00.013+0000] {logging_mixin.py:188} INFO - [2024-05-03T10:33:00.013+0000] {dag.py:3954} INFO - Setting next_dagrun for example_subdag_operator.section-1 to None, run_after=None
[2024-05-03T10:33:00.015+0000] {logging_mixin.py:188} INFO - [2024-05-03T10:33:00.014+0000] {dag.py:3954} INFO - Setting next_dagrun for example_subdag_operator.section-2 to None, run_after=None
[2024-05-03T10:33:00.056+0000] {processor.py:183} INFO - Processing /home/airflow/.local/lib/python3.12/site-packages/airflow/example_dags/example_subdag_operator.py took 0.386 seconds
[2024-05-03T10:33:30.958+0000] {processor.py:161} INFO - Started process (PID=93) to work on /home/airflow/.local/lib/python3.12/site-packages/airflow/example_dags/example_subdag_operator.py
[2024-05-03T10:33:30.964+0000] {processor.py:830} INFO - Processing file /home/airflow/.local/lib/python3.12/site-packages/airflow/example_dags/example_subdag_operator.py for tasks to queue
[2024-05-03T10:33:30.967+0000] {logging_mixin.py:188} INFO - [2024-05-03T10:33:30.966+0000] {dagbag.py:540} INFO - Filling up the DagBag from /home/airflow/.local/lib/python3.12/site-packages/airflow/example_dags/example_subdag_operator.py
[2024-05-03T10:33:31.015+0000] {processor.py:840} INFO - DAG(s) 'example_subdag_operator.section-1', 'example_subdag_operator.section-2', 'example_subdag_operator' retrieved from /home/airflow/.local/lib/python3.12/site-packages/airflow/example_dags/example_subdag_operator.py
[2024-05-03T10:33:31.054+0000] {logging_mixin.py:188} INFO - [2024-05-03T10:33:31.054+0000] {dag.py:3096} INFO - Sync 3 DAGs
[2024-05-03T10:33:31.093+0000] {logging_mixin.py:188} INFO - [2024-05-03T10:33:31.093+0000] {dag.py:3954} INFO - Setting next_dagrun for example_subdag_operator to 2022-01-01 00:00:00+00:00, run_after=2022-01-01 00:00:00+00:00
[2024-05-03T10:33:31.099+0000] {logging_mixin.py:188} INFO - [2024-05-03T10:33:31.099+0000] {dag.py:3954} INFO - Setting next_dagrun for example_subdag_operator.section-1 to None, run_after=None
[2024-05-03T10:33:31.101+0000] {logging_mixin.py:188} INFO - [2024-05-03T10:33:31.101+0000] {dag.py:3954} INFO - Setting next_dagrun for example_subdag_operator.section-2 to None, run_after=None
[2024-05-03T10:33:31.118+0000] {logging_mixin.py:188} INFO - [2024-05-03T10:33:31.118+0000] {dag.py:3096} INFO - Sync 2 DAGs
[2024-05-03T10:33:31.129+0000] {logging_mixin.py:188} INFO - [2024-05-03T10:33:31.128+0000] {dag.py:3954} INFO - Setting next_dagrun for example_subdag_operator.section-1 to None, run_after=None
[2024-05-03T10:33:31.130+0000] {logging_mixin.py:188} INFO - [2024-05-03T10:33:31.130+0000] {dag.py:3954} INFO - Setting next_dagrun for example_subdag_operator.section-2 to None, run_after=None
[2024-05-03T10:33:31.154+0000] {processor.py:183} INFO - Processing /home/airflow/.local/lib/python3.12/site-packages/airflow/example_dags/example_subdag_operator.py took 0.218 seconds
