[2024-05-03T10:33:02.682+0000] {processor.py:161} INFO - Started process (PID=47) to work on /home/airflow/.local/lib/python3.12/site-packages/airflow/example_dags/example_datasets.py
[2024-05-03T10:33:02.685+0000] {processor.py:830} INFO - Processing file /home/airflow/.local/lib/python3.12/site-packages/airflow/example_dags/example_datasets.py for tasks to queue
[2024-05-03T10:33:02.695+0000] {logging_mixin.py:188} INFO - [2024-05-03T10:33:02.690+0000] {dagbag.py:540} INFO - Filling up the DagBag from /home/airflow/.local/lib/python3.12/site-packages/airflow/example_dags/example_datasets.py
[2024-05-03T10:33:02.762+0000] {processor.py:840} INFO - DAG(s) 'dataset_produces_1', 'consume_1_or_both_2_and_3_with_dataset_expressions', 'dataset_consumes_1', 'dataset_consumes_1_and_2', 'dataset_consumes_1_never_scheduled', 'consume_1_and_2_with_dataset_expressions', 'dataset_consumes_unknown_never_scheduled', 'conditional_dataset_and_time_based_timetable', 'consume_1_or_2_with_dataset_expressions', 'dataset_produces_2' retrieved from /home/airflow/.local/lib/python3.12/site-packages/airflow/example_dags/example_datasets.py
[2024-05-03T10:33:03.177+0000] {logging_mixin.py:188} INFO - [2024-05-03T10:33:03.176+0000] {dag.py:3096} INFO - Sync 10 DAGs
[2024-05-03T10:33:03.288+0000] {logging_mixin.py:188} INFO - [2024-05-03T10:33:03.287+0000] {dag.py:3954} INFO - Setting next_dagrun for conditional_dataset_and_time_based_timetable to 2024-05-08 01:00:00+00:00, run_after=2024-05-08 01:00:00+00:00
[2024-05-03T10:33:03.304+0000] {logging_mixin.py:188} INFO - [2024-05-03T10:33:03.303+0000] {dag.py:3954} INFO - Setting next_dagrun for consume_1_and_2_with_dataset_expressions to None, run_after=None
[2024-05-03T10:33:03.311+0000] {logging_mixin.py:188} INFO - [2024-05-03T10:33:03.310+0000] {dag.py:3954} INFO - Setting next_dagrun for consume_1_or_2_with_dataset_expressions to None, run_after=None
[2024-05-03T10:33:03.323+0000] {logging_mixin.py:188} INFO - [2024-05-03T10:33:03.322+0000] {dag.py:3954} INFO - Setting next_dagrun for consume_1_or_both_2_and_3_with_dataset_expressions to None, run_after=None
[2024-05-03T10:33:03.331+0000] {logging_mixin.py:188} INFO - [2024-05-03T10:33:03.331+0000] {dag.py:3954} INFO - Setting next_dagrun for dataset_consumes_1 to None, run_after=None
[2024-05-03T10:33:03.335+0000] {logging_mixin.py:188} INFO - [2024-05-03T10:33:03.334+0000] {dag.py:3954} INFO - Setting next_dagrun for dataset_consumes_1_and_2 to None, run_after=None
[2024-05-03T10:33:03.339+0000] {logging_mixin.py:188} INFO - [2024-05-03T10:33:03.338+0000] {dag.py:3954} INFO - Setting next_dagrun for dataset_consumes_1_never_scheduled to None, run_after=None
[2024-05-03T10:33:03.342+0000] {logging_mixin.py:188} INFO - [2024-05-03T10:33:03.341+0000] {dag.py:3954} INFO - Setting next_dagrun for dataset_consumes_unknown_never_scheduled to None, run_after=None
[2024-05-03T10:33:03.349+0000] {logging_mixin.py:188} INFO - [2024-05-03T10:33:03.348+0000] {dag.py:3954} INFO - Setting next_dagrun for dataset_produces_1 to 2024-05-02 00:00:00+00:00, run_after=2024-05-03 00:00:00+00:00
[2024-05-03T10:33:03.353+0000] {logging_mixin.py:188} INFO - [2024-05-03T10:33:03.352+0000] {dag.py:3954} INFO - Setting next_dagrun for dataset_produces_2 to None, run_after=None
[2024-05-03T10:33:03.489+0000] {processor.py:183} INFO - Processing /home/airflow/.local/lib/python3.12/site-packages/airflow/example_dags/example_datasets.py took 0.821 seconds
[2024-05-03T10:33:33.864+0000] {processor.py:161} INFO - Started process (PID=104) to work on /home/airflow/.local/lib/python3.12/site-packages/airflow/example_dags/example_datasets.py
[2024-05-03T10:33:33.866+0000] {processor.py:830} INFO - Processing file /home/airflow/.local/lib/python3.12/site-packages/airflow/example_dags/example_datasets.py for tasks to queue
[2024-05-03T10:33:33.871+0000] {logging_mixin.py:188} INFO - [2024-05-03T10:33:33.870+0000] {dagbag.py:540} INFO - Filling up the DagBag from /home/airflow/.local/lib/python3.12/site-packages/airflow/example_dags/example_datasets.py
[2024-05-03T10:33:33.901+0000] {processor.py:840} INFO - DAG(s) 'dataset_consumes_1_and_2', 'dataset_produces_2', 'consume_1_or_both_2_and_3_with_dataset_expressions', 'dataset_produces_1', 'consume_1_or_2_with_dataset_expressions', 'conditional_dataset_and_time_based_timetable', 'consume_1_and_2_with_dataset_expressions', 'dataset_consumes_1', 'dataset_consumes_unknown_never_scheduled', 'dataset_consumes_1_never_scheduled' retrieved from /home/airflow/.local/lib/python3.12/site-packages/airflow/example_dags/example_datasets.py
[2024-05-03T10:33:34.063+0000] {logging_mixin.py:188} INFO - [2024-05-03T10:33:34.063+0000] {dag.py:3096} INFO - Sync 10 DAGs
[2024-05-03T10:33:34.131+0000] {logging_mixin.py:188} INFO - [2024-05-03T10:33:34.130+0000] {dag.py:3954} INFO - Setting next_dagrun for conditional_dataset_and_time_based_timetable to 2024-05-08 01:00:00+00:00, run_after=2024-05-08 01:00:00+00:00
[2024-05-03T10:33:34.144+0000] {logging_mixin.py:188} INFO - [2024-05-03T10:33:34.144+0000] {dag.py:3954} INFO - Setting next_dagrun for consume_1_and_2_with_dataset_expressions to None, run_after=None
[2024-05-03T10:33:34.149+0000] {logging_mixin.py:188} INFO - [2024-05-03T10:33:34.148+0000] {dag.py:3954} INFO - Setting next_dagrun for consume_1_or_2_with_dataset_expressions to None, run_after=None
[2024-05-03T10:33:34.153+0000] {logging_mixin.py:188} INFO - [2024-05-03T10:33:34.153+0000] {dag.py:3954} INFO - Setting next_dagrun for consume_1_or_both_2_and_3_with_dataset_expressions to None, run_after=None
[2024-05-03T10:33:34.157+0000] {logging_mixin.py:188} INFO - [2024-05-03T10:33:34.156+0000] {dag.py:3954} INFO - Setting next_dagrun for dataset_consumes_1 to None, run_after=None
[2024-05-03T10:33:34.162+0000] {logging_mixin.py:188} INFO - [2024-05-03T10:33:34.161+0000] {dag.py:3954} INFO - Setting next_dagrun for dataset_consumes_1_and_2 to None, run_after=None
[2024-05-03T10:33:34.166+0000] {logging_mixin.py:188} INFO - [2024-05-03T10:33:34.165+0000] {dag.py:3954} INFO - Setting next_dagrun for dataset_consumes_1_never_scheduled to None, run_after=None
[2024-05-03T10:33:34.169+0000] {logging_mixin.py:188} INFO - [2024-05-03T10:33:34.168+0000] {dag.py:3954} INFO - Setting next_dagrun for dataset_consumes_unknown_never_scheduled to None, run_after=None
[2024-05-03T10:33:34.176+0000] {logging_mixin.py:188} INFO - [2024-05-03T10:33:34.176+0000] {dag.py:3954} INFO - Setting next_dagrun for dataset_produces_1 to 2024-05-02 00:00:00+00:00, run_after=2024-05-03 00:00:00+00:00
[2024-05-03T10:33:34.181+0000] {logging_mixin.py:188} INFO - [2024-05-03T10:33:34.180+0000] {dag.py:3954} INFO - Setting next_dagrun for dataset_produces_2 to None, run_after=None
[2024-05-03T10:33:34.304+0000] {processor.py:183} INFO - Processing /home/airflow/.local/lib/python3.12/site-packages/airflow/example_dags/example_datasets.py took 0.456 seconds
