[2024-05-03T10:38:32.427+0000] {processor.py:161} INFO - Started process (PID=35) to work on /opt/airflow/dags/load_data.py
[2024-05-03T10:38:32.433+0000] {processor.py:830} INFO - Processing file /opt/airflow/dags/load_data.py for tasks to queue
[2024-05-03T10:38:32.439+0000] {logging_mixin.py:188} INFO - [2024-05-03T10:38:32.438+0000] {dagbag.py:540} INFO - Filling up the DagBag from /opt/airflow/dags/load_data.py
[2024-05-03T10:38:37.315+0000] {processor.py:840} INFO - DAG(s) 'load_data_to_postgres' retrieved from /opt/airflow/dags/load_data.py
[2024-05-03T10:38:37.747+0000] {logging_mixin.py:188} INFO - [2024-05-03T10:38:37.746+0000] {dag.py:3096} INFO - Sync 1 DAGs
[2024-05-03T10:38:37.802+0000] {logging_mixin.py:188} INFO - [2024-05-03T10:38:37.802+0000] {dag.py:3954} INFO - Setting next_dagrun for load_data_to_postgres to 2024-05-03 00:00:00+00:00, run_after=2024-05-04 00:00:00+00:00
[2024-05-03T10:38:37.862+0000] {processor.py:183} INFO - Processing /opt/airflow/dags/load_data.py took 5.456 seconds
[2024-05-03T10:38:38.189+0000] {processor.py:161} INFO - Started process (PID=37) to work on /opt/airflow/dags/load_data.py
[2024-05-03T10:38:38.191+0000] {processor.py:830} INFO - Processing file /opt/airflow/dags/load_data.py for tasks to queue
[2024-05-03T10:38:38.195+0000] {logging_mixin.py:188} INFO - [2024-05-03T10:38:38.194+0000] {dagbag.py:540} INFO - Filling up the DagBag from /opt/airflow/dags/load_data.py
[2024-05-03T10:38:39.492+0000] {processor.py:840} INFO - DAG(s) 'load_data_to_postgres' retrieved from /opt/airflow/dags/load_data.py
[2024-05-03T10:38:39.521+0000] {logging_mixin.py:188} INFO - [2024-05-03T10:38:39.520+0000] {dag.py:3096} INFO - Sync 1 DAGs
[2024-05-03T10:38:39.572+0000] {logging_mixin.py:188} INFO - [2024-05-03T10:38:39.571+0000] {dag.py:3954} INFO - Setting next_dagrun for load_data_to_postgres to 2024-05-03 00:00:00+00:00, run_after=2024-05-04 00:00:00+00:00
[2024-05-03T10:38:39.607+0000] {processor.py:183} INFO - Processing /opt/airflow/dags/load_data.py took 1.430 seconds
[2024-05-03T10:39:09.808+0000] {processor.py:161} INFO - Started process (PID=45) to work on /opt/airflow/dags/load_data.py
[2024-05-03T10:39:09.810+0000] {processor.py:830} INFO - Processing file /opt/airflow/dags/load_data.py for tasks to queue
[2024-05-03T10:39:09.812+0000] {logging_mixin.py:188} INFO - [2024-05-03T10:39:09.812+0000] {dagbag.py:540} INFO - Filling up the DagBag from /opt/airflow/dags/load_data.py
[2024-05-03T10:39:10.429+0000] {processor.py:840} INFO - DAG(s) 'load_data_to_postgres' retrieved from /opt/airflow/dags/load_data.py
[2024-05-03T10:39:10.456+0000] {logging_mixin.py:188} INFO - [2024-05-03T10:39:10.455+0000] {dag.py:3096} INFO - Sync 1 DAGs
[2024-05-03T10:39:10.477+0000] {logging_mixin.py:188} INFO - [2024-05-03T10:39:10.477+0000] {dag.py:3954} INFO - Setting next_dagrun for load_data_to_postgres to 2024-05-03 00:00:00+00:00, run_after=2024-05-04 00:00:00+00:00
[2024-05-03T10:39:10.495+0000] {processor.py:183} INFO - Processing /opt/airflow/dags/load_data.py took 0.694 seconds
[2024-05-03T10:39:40.570+0000] {processor.py:161} INFO - Started process (PID=53) to work on /opt/airflow/dags/load_data.py
[2024-05-03T10:39:40.572+0000] {processor.py:830} INFO - Processing file /opt/airflow/dags/load_data.py for tasks to queue
[2024-05-03T10:39:40.575+0000] {logging_mixin.py:188} INFO - [2024-05-03T10:39:40.574+0000] {dagbag.py:540} INFO - Filling up the DagBag from /opt/airflow/dags/load_data.py
[2024-05-03T10:39:41.097+0000] {processor.py:840} INFO - DAG(s) 'load_data_to_postgres' retrieved from /opt/airflow/dags/load_data.py
[2024-05-03T10:39:41.130+0000] {logging_mixin.py:188} INFO - [2024-05-03T10:39:41.129+0000] {dag.py:3096} INFO - Sync 1 DAGs
[2024-05-03T10:39:41.161+0000] {logging_mixin.py:188} INFO - [2024-05-03T10:39:41.161+0000] {dag.py:3954} INFO - Setting next_dagrun for load_data_to_postgres to 2024-05-03 00:00:00+00:00, run_after=2024-05-04 00:00:00+00:00
[2024-05-03T10:39:41.182+0000] {processor.py:183} INFO - Processing /opt/airflow/dags/load_data.py took 0.618 seconds
[2024-05-03T10:40:11.376+0000] {processor.py:161} INFO - Started process (PID=61) to work on /opt/airflow/dags/load_data.py
[2024-05-03T10:40:11.378+0000] {processor.py:830} INFO - Processing file /opt/airflow/dags/load_data.py for tasks to queue
[2024-05-03T10:40:11.380+0000] {logging_mixin.py:188} INFO - [2024-05-03T10:40:11.380+0000] {dagbag.py:540} INFO - Filling up the DagBag from /opt/airflow/dags/load_data.py
[2024-05-03T10:40:11.785+0000] {processor.py:840} INFO - DAG(s) 'load_data_to_postgres' retrieved from /opt/airflow/dags/load_data.py
[2024-05-03T10:40:11.803+0000] {logging_mixin.py:188} INFO - [2024-05-03T10:40:11.803+0000] {dag.py:3096} INFO - Sync 1 DAGs
[2024-05-03T10:40:11.822+0000] {logging_mixin.py:188} INFO - [2024-05-03T10:40:11.822+0000] {dag.py:3954} INFO - Setting next_dagrun for load_data_to_postgres to 2024-05-03 00:00:00+00:00, run_after=2024-05-04 00:00:00+00:00
[2024-05-03T10:40:11.837+0000] {processor.py:183} INFO - Processing /opt/airflow/dags/load_data.py took 0.468 seconds
[2024-05-03T10:40:42.086+0000] {processor.py:161} INFO - Started process (PID=68) to work on /opt/airflow/dags/load_data.py
[2024-05-03T10:40:42.087+0000] {processor.py:830} INFO - Processing file /opt/airflow/dags/load_data.py for tasks to queue
[2024-05-03T10:40:42.090+0000] {logging_mixin.py:188} INFO - [2024-05-03T10:40:42.090+0000] {dagbag.py:540} INFO - Filling up the DagBag from /opt/airflow/dags/load_data.py
[2024-05-03T10:40:42.497+0000] {processor.py:840} INFO - DAG(s) 'load_data_to_postgres' retrieved from /opt/airflow/dags/load_data.py
[2024-05-03T10:40:42.516+0000] {logging_mixin.py:188} INFO - [2024-05-03T10:40:42.516+0000] {dag.py:3096} INFO - Sync 1 DAGs
[2024-05-03T10:40:42.533+0000] {logging_mixin.py:188} INFO - [2024-05-03T10:40:42.533+0000] {dag.py:3954} INFO - Setting next_dagrun for load_data_to_postgres to 2024-05-03 00:00:00+00:00, run_after=2024-05-04 00:00:00+00:00
[2024-05-03T10:40:42.553+0000] {processor.py:183} INFO - Processing /opt/airflow/dags/load_data.py took 0.475 seconds
[2024-05-03T10:41:12.773+0000] {processor.py:161} INFO - Started process (PID=76) to work on /opt/airflow/dags/load_data.py
[2024-05-03T10:41:12.776+0000] {processor.py:830} INFO - Processing file /opt/airflow/dags/load_data.py for tasks to queue
[2024-05-03T10:41:12.782+0000] {logging_mixin.py:188} INFO - [2024-05-03T10:41:12.781+0000] {dagbag.py:540} INFO - Filling up the DagBag from /opt/airflow/dags/load_data.py
[2024-05-03T10:41:13.232+0000] {processor.py:840} INFO - DAG(s) 'load_data_to_postgres' retrieved from /opt/airflow/dags/load_data.py
[2024-05-03T10:41:13.252+0000] {logging_mixin.py:188} INFO - [2024-05-03T10:41:13.251+0000] {dag.py:3096} INFO - Sync 1 DAGs
[2024-05-03T10:41:13.268+0000] {logging_mixin.py:188} INFO - [2024-05-03T10:41:13.268+0000] {dag.py:3954} INFO - Setting next_dagrun for load_data_to_postgres to 2024-05-03 00:00:00+00:00, run_after=2024-05-04 00:00:00+00:00
[2024-05-03T10:41:13.283+0000] {processor.py:183} INFO - Processing /opt/airflow/dags/load_data.py took 0.533 seconds
[2024-05-03T10:41:43.547+0000] {processor.py:161} INFO - Started process (PID=84) to work on /opt/airflow/dags/load_data.py
[2024-05-03T10:41:43.549+0000] {processor.py:830} INFO - Processing file /opt/airflow/dags/load_data.py for tasks to queue
[2024-05-03T10:41:43.552+0000] {logging_mixin.py:188} INFO - [2024-05-03T10:41:43.551+0000] {dagbag.py:540} INFO - Filling up the DagBag from /opt/airflow/dags/load_data.py
[2024-05-03T10:41:43.965+0000] {processor.py:840} INFO - DAG(s) 'load_data_to_postgres' retrieved from /opt/airflow/dags/load_data.py
[2024-05-03T10:41:43.983+0000] {logging_mixin.py:188} INFO - [2024-05-03T10:41:43.983+0000] {dag.py:3096} INFO - Sync 1 DAGs
[2024-05-03T10:41:44.006+0000] {logging_mixin.py:188} INFO - [2024-05-03T10:41:44.005+0000] {dag.py:3954} INFO - Setting next_dagrun for load_data_to_postgres to 2024-05-03 00:00:00+00:00, run_after=2024-05-04 00:00:00+00:00
[2024-05-03T10:41:44.019+0000] {processor.py:183} INFO - Processing /opt/airflow/dags/load_data.py took 0.483 seconds
[2024-05-03T10:42:14.226+0000] {processor.py:161} INFO - Started process (PID=91) to work on /opt/airflow/dags/load_data.py
[2024-05-03T10:42:14.228+0000] {processor.py:830} INFO - Processing file /opt/airflow/dags/load_data.py for tasks to queue
[2024-05-03T10:42:14.230+0000] {logging_mixin.py:188} INFO - [2024-05-03T10:42:14.230+0000] {dagbag.py:540} INFO - Filling up the DagBag from /opt/airflow/dags/load_data.py
[2024-05-03T10:42:14.734+0000] {processor.py:840} INFO - DAG(s) 'load_data_to_postgres' retrieved from /opt/airflow/dags/load_data.py
[2024-05-03T10:42:14.757+0000] {logging_mixin.py:188} INFO - [2024-05-03T10:42:14.756+0000] {dag.py:3096} INFO - Sync 1 DAGs
[2024-05-03T10:42:14.774+0000] {logging_mixin.py:188} INFO - [2024-05-03T10:42:14.774+0000] {dag.py:3954} INFO - Setting next_dagrun for load_data_to_postgres to 2024-05-03 00:00:00+00:00, run_after=2024-05-04 00:00:00+00:00
[2024-05-03T10:42:14.789+0000] {processor.py:183} INFO - Processing /opt/airflow/dags/load_data.py took 0.572 seconds
[2024-05-03T10:42:44.971+0000] {processor.py:161} INFO - Started process (PID=99) to work on /opt/airflow/dags/load_data.py
[2024-05-03T10:42:44.976+0000] {processor.py:830} INFO - Processing file /opt/airflow/dags/load_data.py for tasks to queue
[2024-05-03T10:42:44.978+0000] {logging_mixin.py:188} INFO - [2024-05-03T10:42:44.978+0000] {dagbag.py:540} INFO - Filling up the DagBag from /opt/airflow/dags/load_data.py
[2024-05-03T10:42:45.616+0000] {processor.py:840} INFO - DAG(s) 'load_data_to_postgres' retrieved from /opt/airflow/dags/load_data.py
[2024-05-03T10:42:45.650+0000] {logging_mixin.py:188} INFO - [2024-05-03T10:42:45.650+0000] {dag.py:3096} INFO - Sync 1 DAGs
[2024-05-03T10:42:45.682+0000] {logging_mixin.py:188} INFO - [2024-05-03T10:42:45.682+0000] {dag.py:3954} INFO - Setting next_dagrun for load_data_to_postgres to 2024-05-03 00:00:00+00:00, run_after=2024-05-04 00:00:00+00:00
[2024-05-03T10:42:45.710+0000] {processor.py:183} INFO - Processing /opt/airflow/dags/load_data.py took 0.752 seconds
[2024-05-03T10:43:16.064+0000] {processor.py:161} INFO - Started process (PID=107) to work on /opt/airflow/dags/load_data.py
[2024-05-03T10:43:16.066+0000] {processor.py:830} INFO - Processing file /opt/airflow/dags/load_data.py for tasks to queue
[2024-05-03T10:43:16.070+0000] {logging_mixin.py:188} INFO - [2024-05-03T10:43:16.069+0000] {dagbag.py:540} INFO - Filling up the DagBag from /opt/airflow/dags/load_data.py
[2024-05-03T10:43:16.509+0000] {processor.py:840} INFO - DAG(s) 'load_data_to_postgres' retrieved from /opt/airflow/dags/load_data.py
[2024-05-03T10:43:16.534+0000] {logging_mixin.py:188} INFO - [2024-05-03T10:43:16.533+0000] {dag.py:3096} INFO - Sync 1 DAGs
[2024-05-03T10:43:16.552+0000] {logging_mixin.py:188} INFO - [2024-05-03T10:43:16.552+0000] {dag.py:3954} INFO - Setting next_dagrun for load_data_to_postgres to 2024-05-03 00:00:00+00:00, run_after=2024-05-04 00:00:00+00:00
[2024-05-03T10:43:16.567+0000] {processor.py:183} INFO - Processing /opt/airflow/dags/load_data.py took 0.525 seconds
[2024-05-03T10:43:46.782+0000] {processor.py:161} INFO - Started process (PID=115) to work on /opt/airflow/dags/load_data.py
[2024-05-03T10:43:46.784+0000] {processor.py:830} INFO - Processing file /opt/airflow/dags/load_data.py for tasks to queue
[2024-05-03T10:43:46.786+0000] {logging_mixin.py:188} INFO - [2024-05-03T10:43:46.785+0000] {dagbag.py:540} INFO - Filling up the DagBag from /opt/airflow/dags/load_data.py
[2024-05-03T10:43:47.198+0000] {processor.py:840} INFO - DAG(s) 'load_data_to_postgres' retrieved from /opt/airflow/dags/load_data.py
[2024-05-03T10:43:47.218+0000] {logging_mixin.py:188} INFO - [2024-05-03T10:43:47.217+0000] {dag.py:3096} INFO - Sync 1 DAGs
[2024-05-03T10:43:47.234+0000] {logging_mixin.py:188} INFO - [2024-05-03T10:43:47.234+0000] {dag.py:3954} INFO - Setting next_dagrun for load_data_to_postgres to 2024-05-03 00:00:00+00:00, run_after=2024-05-04 00:00:00+00:00
[2024-05-03T10:43:47.248+0000] {processor.py:183} INFO - Processing /opt/airflow/dags/load_data.py took 0.472 seconds
[2024-05-03T10:44:17.530+0000] {processor.py:161} INFO - Started process (PID=123) to work on /opt/airflow/dags/load_data.py
[2024-05-03T10:44:17.533+0000] {processor.py:830} INFO - Processing file /opt/airflow/dags/load_data.py for tasks to queue
[2024-05-03T10:44:17.537+0000] {logging_mixin.py:188} INFO - [2024-05-03T10:44:17.536+0000] {dagbag.py:540} INFO - Filling up the DagBag from /opt/airflow/dags/load_data.py
[2024-05-03T10:44:17.951+0000] {processor.py:840} INFO - DAG(s) 'load_data_to_postgres' retrieved from /opt/airflow/dags/load_data.py
[2024-05-03T10:44:17.973+0000] {logging_mixin.py:188} INFO - [2024-05-03T10:44:17.973+0000] {dag.py:3096} INFO - Sync 1 DAGs
[2024-05-03T10:44:17.992+0000] {logging_mixin.py:188} INFO - [2024-05-03T10:44:17.992+0000] {dag.py:3954} INFO - Setting next_dagrun for load_data_to_postgres to 2024-05-03 00:00:00+00:00, run_after=2024-05-04 00:00:00+00:00
[2024-05-03T10:44:18.016+0000] {processor.py:183} INFO - Processing /opt/airflow/dags/load_data.py took 0.503 seconds
[2024-05-03T10:44:48.210+0000] {processor.py:161} INFO - Started process (PID=131) to work on /opt/airflow/dags/load_data.py
[2024-05-03T10:44:48.212+0000] {processor.py:830} INFO - Processing file /opt/airflow/dags/load_data.py for tasks to queue
[2024-05-03T10:44:48.214+0000] {logging_mixin.py:188} INFO - [2024-05-03T10:44:48.214+0000] {dagbag.py:540} INFO - Filling up the DagBag from /opt/airflow/dags/load_data.py
[2024-05-03T10:44:48.654+0000] {processor.py:840} INFO - DAG(s) 'load_data_to_postgres' retrieved from /opt/airflow/dags/load_data.py
[2024-05-03T10:44:48.684+0000] {logging_mixin.py:188} INFO - [2024-05-03T10:44:48.684+0000] {dag.py:3096} INFO - Sync 1 DAGs
[2024-05-03T10:44:48.704+0000] {logging_mixin.py:188} INFO - [2024-05-03T10:44:48.704+0000] {dag.py:3954} INFO - Setting next_dagrun for load_data_to_postgres to 2024-05-03 00:00:00+00:00, run_after=2024-05-04 00:00:00+00:00
[2024-05-03T10:44:48.758+0000] {processor.py:183} INFO - Processing /opt/airflow/dags/load_data.py took 0.556 seconds
[2024-05-03T10:45:18.986+0000] {processor.py:161} INFO - Started process (PID=139) to work on /opt/airflow/dags/load_data.py
[2024-05-03T10:45:18.993+0000] {processor.py:830} INFO - Processing file /opt/airflow/dags/load_data.py for tasks to queue
[2024-05-03T10:45:18.996+0000] {logging_mixin.py:188} INFO - [2024-05-03T10:45:18.995+0000] {dagbag.py:540} INFO - Filling up the DagBag from /opt/airflow/dags/load_data.py
[2024-05-03T10:45:19.523+0000] {processor.py:840} INFO - DAG(s) 'load_data_to_postgres' retrieved from /opt/airflow/dags/load_data.py
[2024-05-03T10:45:19.548+0000] {logging_mixin.py:188} INFO - [2024-05-03T10:45:19.547+0000] {dag.py:3096} INFO - Sync 1 DAGs
[2024-05-03T10:45:19.571+0000] {logging_mixin.py:188} INFO - [2024-05-03T10:45:19.571+0000] {dag.py:3954} INFO - Setting next_dagrun for load_data_to_postgres to 2024-05-03 00:00:00+00:00, run_after=2024-05-04 00:00:00+00:00
[2024-05-03T10:45:19.593+0000] {processor.py:183} INFO - Processing /opt/airflow/dags/load_data.py took 0.615 seconds
[2024-05-03T10:45:49.818+0000] {processor.py:161} INFO - Started process (PID=147) to work on /opt/airflow/dags/load_data.py
[2024-05-03T10:45:49.830+0000] {processor.py:830} INFO - Processing file /opt/airflow/dags/load_data.py for tasks to queue
[2024-05-03T10:45:49.833+0000] {logging_mixin.py:188} INFO - [2024-05-03T10:45:49.832+0000] {dagbag.py:540} INFO - Filling up the DagBag from /opt/airflow/dags/load_data.py
[2024-05-03T10:45:51.138+0000] {processor.py:840} INFO - DAG(s) 'load_data_to_postgres' retrieved from /opt/airflow/dags/load_data.py
[2024-05-03T10:45:51.225+0000] {logging_mixin.py:188} INFO - [2024-05-03T10:45:51.225+0000] {dag.py:3096} INFO - Sync 1 DAGs
[2024-05-03T10:45:51.274+0000] {logging_mixin.py:188} INFO - [2024-05-03T10:45:51.274+0000] {dag.py:3954} INFO - Setting next_dagrun for load_data_to_postgres to 2024-05-03 00:00:00+00:00, run_after=2024-05-04 00:00:00+00:00
[2024-05-03T10:45:51.355+0000] {processor.py:183} INFO - Processing /opt/airflow/dags/load_data.py took 1.546 seconds
[2024-05-03T11:04:11.224+0000] {processor.py:161} INFO - Started process (PID=29) to work on /opt/airflow/dags/load_data.py
[2024-05-03T11:04:11.226+0000] {processor.py:830} INFO - Processing file /opt/airflow/dags/load_data.py for tasks to queue
[2024-05-03T11:04:11.233+0000] {logging_mixin.py:188} INFO - [2024-05-03T11:04:11.232+0000] {dagbag.py:540} INFO - Filling up the DagBag from /opt/airflow/dags/load_data.py
[2024-05-03T11:04:12.525+0000] {processor.py:840} INFO - DAG(s) 'load_data_to_postgres' retrieved from /opt/airflow/dags/load_data.py
[2024-05-03T11:04:12.770+0000] {logging_mixin.py:188} INFO - [2024-05-03T11:04:12.769+0000] {dag.py:3096} INFO - Sync 1 DAGs
[2024-05-03T11:04:12.807+0000] {logging_mixin.py:188} INFO - [2024-05-03T11:04:12.806+0000] {dag.py:3954} INFO - Setting next_dagrun for load_data_to_postgres to 2024-05-03 00:00:00+00:00, run_after=2024-05-04 00:00:00+00:00
[2024-05-03T11:04:12.861+0000] {processor.py:183} INFO - Processing /opt/airflow/dags/load_data.py took 1.653 seconds
[2024-05-03T11:04:43.109+0000] {processor.py:161} INFO - Started process (PID=37) to work on /opt/airflow/dags/load_data.py
[2024-05-03T11:04:43.110+0000] {processor.py:830} INFO - Processing file /opt/airflow/dags/load_data.py for tasks to queue
[2024-05-03T11:04:43.113+0000] {logging_mixin.py:188} INFO - [2024-05-03T11:04:43.112+0000] {dagbag.py:540} INFO - Filling up the DagBag from /opt/airflow/dags/load_data.py
[2024-05-03T11:04:43.678+0000] {processor.py:840} INFO - DAG(s) 'load_data_to_postgres' retrieved from /opt/airflow/dags/load_data.py
[2024-05-03T11:04:43.704+0000] {logging_mixin.py:188} INFO - [2024-05-03T11:04:43.704+0000] {dag.py:3096} INFO - Sync 1 DAGs
[2024-05-03T11:04:43.724+0000] {logging_mixin.py:188} INFO - [2024-05-03T11:04:43.724+0000] {dag.py:3954} INFO - Setting next_dagrun for load_data_to_postgres to 2024-05-03 00:00:00+00:00, run_after=2024-05-04 00:00:00+00:00
[2024-05-03T11:04:43.741+0000] {processor.py:183} INFO - Processing /opt/airflow/dags/load_data.py took 0.644 seconds
[2024-05-03T11:05:13.860+0000] {processor.py:161} INFO - Started process (PID=45) to work on /opt/airflow/dags/load_data.py
[2024-05-03T11:05:13.861+0000] {processor.py:830} INFO - Processing file /opt/airflow/dags/load_data.py for tasks to queue
[2024-05-03T11:05:13.865+0000] {logging_mixin.py:188} INFO - [2024-05-03T11:05:13.864+0000] {dagbag.py:540} INFO - Filling up the DagBag from /opt/airflow/dags/load_data.py
[2024-05-03T11:05:14.428+0000] {processor.py:840} INFO - DAG(s) 'load_data_to_postgres' retrieved from /opt/airflow/dags/load_data.py
[2024-05-03T11:05:14.447+0000] {logging_mixin.py:188} INFO - [2024-05-03T11:05:14.447+0000] {dag.py:3096} INFO - Sync 1 DAGs
[2024-05-03T11:05:14.464+0000] {logging_mixin.py:188} INFO - [2024-05-03T11:05:14.464+0000] {dag.py:3954} INFO - Setting next_dagrun for load_data_to_postgres to 2024-05-03 00:00:00+00:00, run_after=2024-05-04 00:00:00+00:00
[2024-05-03T11:05:14.483+0000] {processor.py:183} INFO - Processing /opt/airflow/dags/load_data.py took 0.629 seconds
[2024-05-03T11:05:44.774+0000] {processor.py:161} INFO - Started process (PID=53) to work on /opt/airflow/dags/load_data.py
[2024-05-03T11:05:44.776+0000] {processor.py:830} INFO - Processing file /opt/airflow/dags/load_data.py for tasks to queue
[2024-05-03T11:05:44.782+0000] {logging_mixin.py:188} INFO - [2024-05-03T11:05:44.781+0000] {dagbag.py:540} INFO - Filling up the DagBag from /opt/airflow/dags/load_data.py
[2024-05-03T11:05:45.203+0000] {processor.py:840} INFO - DAG(s) 'load_data_to_postgres' retrieved from /opt/airflow/dags/load_data.py
[2024-05-03T11:05:45.223+0000] {logging_mixin.py:188} INFO - [2024-05-03T11:05:45.222+0000] {dag.py:3096} INFO - Sync 1 DAGs
[2024-05-03T11:05:45.242+0000] {logging_mixin.py:188} INFO - [2024-05-03T11:05:45.242+0000] {dag.py:3954} INFO - Setting next_dagrun for load_data_to_postgres to 2024-05-03 00:00:00+00:00, run_after=2024-05-04 00:00:00+00:00
[2024-05-03T11:05:45.259+0000] {processor.py:183} INFO - Processing /opt/airflow/dags/load_data.py took 0.501 seconds
[2024-05-03T11:06:15.434+0000] {processor.py:161} INFO - Started process (PID=61) to work on /opt/airflow/dags/load_data.py
[2024-05-03T11:06:15.449+0000] {processor.py:830} INFO - Processing file /opt/airflow/dags/load_data.py for tasks to queue
[2024-05-03T11:06:15.453+0000] {logging_mixin.py:188} INFO - [2024-05-03T11:06:15.452+0000] {dagbag.py:540} INFO - Filling up the DagBag from /opt/airflow/dags/load_data.py
[2024-05-03T11:06:15.846+0000] {processor.py:840} INFO - DAG(s) 'load_data_to_postgres' retrieved from /opt/airflow/dags/load_data.py
[2024-05-03T11:06:15.866+0000] {logging_mixin.py:188} INFO - [2024-05-03T11:06:15.865+0000] {dag.py:3096} INFO - Sync 1 DAGs
[2024-05-03T11:06:15.886+0000] {logging_mixin.py:188} INFO - [2024-05-03T11:06:15.886+0000] {dag.py:3954} INFO - Setting next_dagrun for load_data_to_postgres to 2024-05-03 00:00:00+00:00, run_after=2024-05-04 00:00:00+00:00
[2024-05-03T11:06:15.901+0000] {processor.py:183} INFO - Processing /opt/airflow/dags/load_data.py took 0.512 seconds
[2024-05-03T11:06:46.231+0000] {processor.py:161} INFO - Started process (PID=69) to work on /opt/airflow/dags/load_data.py
[2024-05-03T11:06:46.233+0000] {processor.py:830} INFO - Processing file /opt/airflow/dags/load_data.py for tasks to queue
[2024-05-03T11:06:46.238+0000] {logging_mixin.py:188} INFO - [2024-05-03T11:06:46.237+0000] {dagbag.py:540} INFO - Filling up the DagBag from /opt/airflow/dags/load_data.py
[2024-05-03T11:06:46.684+0000] {processor.py:840} INFO - DAG(s) 'load_data_to_postgres' retrieved from /opt/airflow/dags/load_data.py
[2024-05-03T11:06:46.706+0000] {logging_mixin.py:188} INFO - [2024-05-03T11:06:46.706+0000] {dag.py:3096} INFO - Sync 1 DAGs
[2024-05-03T11:06:46.730+0000] {logging_mixin.py:188} INFO - [2024-05-03T11:06:46.730+0000] {dag.py:3954} INFO - Setting next_dagrun for load_data_to_postgres to 2024-05-03 00:00:00+00:00, run_after=2024-05-04 00:00:00+00:00
[2024-05-03T11:06:46.751+0000] {processor.py:183} INFO - Processing /opt/airflow/dags/load_data.py took 0.532 seconds
[2024-05-03T11:07:17.054+0000] {processor.py:161} INFO - Started process (PID=77) to work on /opt/airflow/dags/load_data.py
[2024-05-03T11:07:17.055+0000] {processor.py:830} INFO - Processing file /opt/airflow/dags/load_data.py for tasks to queue
[2024-05-03T11:07:17.058+0000] {logging_mixin.py:188} INFO - [2024-05-03T11:07:17.057+0000] {dagbag.py:540} INFO - Filling up the DagBag from /opt/airflow/dags/load_data.py
[2024-05-03T11:07:17.753+0000] {processor.py:840} INFO - DAG(s) 'load_data_to_postgres' retrieved from /opt/airflow/dags/load_data.py
[2024-05-03T11:07:17.784+0000] {logging_mixin.py:188} INFO - [2024-05-03T11:07:17.783+0000] {dag.py:3096} INFO - Sync 1 DAGs
[2024-05-03T11:07:17.808+0000] {logging_mixin.py:188} INFO - [2024-05-03T11:07:17.807+0000] {dag.py:3954} INFO - Setting next_dagrun for load_data_to_postgres to 2024-05-03 00:00:00+00:00, run_after=2024-05-04 00:00:00+00:00
[2024-05-03T11:07:17.849+0000] {processor.py:183} INFO - Processing /opt/airflow/dags/load_data.py took 0.807 seconds
[2024-05-03T11:07:48.070+0000] {processor.py:161} INFO - Started process (PID=85) to work on /opt/airflow/dags/load_data.py
[2024-05-03T11:07:48.072+0000] {processor.py:830} INFO - Processing file /opt/airflow/dags/load_data.py for tasks to queue
[2024-05-03T11:07:48.079+0000] {logging_mixin.py:188} INFO - [2024-05-03T11:07:48.078+0000] {dagbag.py:540} INFO - Filling up the DagBag from /opt/airflow/dags/load_data.py
[2024-05-03T11:07:48.563+0000] {processor.py:840} INFO - DAG(s) 'load_data_to_postgres' retrieved from /opt/airflow/dags/load_data.py
[2024-05-03T11:07:48.591+0000] {logging_mixin.py:188} INFO - [2024-05-03T11:07:48.591+0000] {dag.py:3096} INFO - Sync 1 DAGs
[2024-05-03T11:07:48.611+0000] {logging_mixin.py:188} INFO - [2024-05-03T11:07:48.610+0000] {dag.py:3954} INFO - Setting next_dagrun for load_data_to_postgres to 2024-05-03 00:00:00+00:00, run_after=2024-05-04 00:00:00+00:00
[2024-05-03T11:07:48.645+0000] {processor.py:183} INFO - Processing /opt/airflow/dags/load_data.py took 0.591 seconds
[2024-05-03T11:08:18.894+0000] {processor.py:161} INFO - Started process (PID=92) to work on /opt/airflow/dags/load_data.py
[2024-05-03T11:08:18.896+0000] {processor.py:830} INFO - Processing file /opt/airflow/dags/load_data.py for tasks to queue
[2024-05-03T11:08:18.901+0000] {logging_mixin.py:188} INFO - [2024-05-03T11:08:18.900+0000] {dagbag.py:540} INFO - Filling up the DagBag from /opt/airflow/dags/load_data.py
[2024-05-03T11:08:19.417+0000] {processor.py:840} INFO - DAG(s) 'load_data_to_postgres' retrieved from /opt/airflow/dags/load_data.py
[2024-05-03T11:08:19.437+0000] {logging_mixin.py:188} INFO - [2024-05-03T11:08:19.437+0000] {dag.py:3096} INFO - Sync 1 DAGs
[2024-05-03T11:08:19.454+0000] {logging_mixin.py:188} INFO - [2024-05-03T11:08:19.454+0000] {dag.py:3954} INFO - Setting next_dagrun for load_data_to_postgres to 2024-05-03 00:00:00+00:00, run_after=2024-05-04 00:00:00+00:00
[2024-05-03T11:08:19.469+0000] {processor.py:183} INFO - Processing /opt/airflow/dags/load_data.py took 0.594 seconds
[2024-05-03T11:08:49.640+0000] {processor.py:161} INFO - Started process (PID=106) to work on /opt/airflow/dags/load_data.py
[2024-05-03T11:08:49.641+0000] {processor.py:830} INFO - Processing file /opt/airflow/dags/load_data.py for tasks to queue
[2024-05-03T11:08:49.644+0000] {logging_mixin.py:188} INFO - [2024-05-03T11:08:49.643+0000] {dagbag.py:540} INFO - Filling up the DagBag from /opt/airflow/dags/load_data.py
[2024-05-03T11:08:50.082+0000] {processor.py:840} INFO - DAG(s) 'load_data_to_postgres' retrieved from /opt/airflow/dags/load_data.py
[2024-05-03T11:08:50.102+0000] {logging_mixin.py:188} INFO - [2024-05-03T11:08:50.101+0000] {dag.py:3096} INFO - Sync 1 DAGs
[2024-05-03T11:08:50.122+0000] {logging_mixin.py:188} INFO - [2024-05-03T11:08:50.122+0000] {dag.py:3954} INFO - Setting next_dagrun for load_data_to_postgres to 2024-05-03 00:00:00+00:00, run_after=2024-05-04 00:00:00+00:00
[2024-05-03T11:08:50.153+0000] {processor.py:183} INFO - Processing /opt/airflow/dags/load_data.py took 0.520 seconds
[2024-05-03T11:09:20.521+0000] {processor.py:161} INFO - Started process (PID=114) to work on /opt/airflow/dags/load_data.py
[2024-05-03T11:09:20.523+0000] {processor.py:830} INFO - Processing file /opt/airflow/dags/load_data.py for tasks to queue
[2024-05-03T11:09:20.530+0000] {logging_mixin.py:188} INFO - [2024-05-03T11:09:20.529+0000] {dagbag.py:540} INFO - Filling up the DagBag from /opt/airflow/dags/load_data.py
[2024-05-03T11:09:20.907+0000] {processor.py:840} INFO - DAG(s) 'load_data_to_postgres' retrieved from /opt/airflow/dags/load_data.py
[2024-05-03T11:09:20.926+0000] {logging_mixin.py:188} INFO - [2024-05-03T11:09:20.926+0000] {dag.py:3096} INFO - Sync 1 DAGs
[2024-05-03T11:09:20.943+0000] {logging_mixin.py:188} INFO - [2024-05-03T11:09:20.943+0000] {dag.py:3954} INFO - Setting next_dagrun for load_data_to_postgres to 2024-05-03 00:00:00+00:00, run_after=2024-05-04 00:00:00+00:00
[2024-05-03T11:09:20.970+0000] {processor.py:183} INFO - Processing /opt/airflow/dags/load_data.py took 0.467 seconds
[2024-05-03T11:09:51.233+0000] {processor.py:161} INFO - Started process (PID=122) to work on /opt/airflow/dags/load_data.py
[2024-05-03T11:09:51.234+0000] {processor.py:830} INFO - Processing file /opt/airflow/dags/load_data.py for tasks to queue
[2024-05-03T11:09:51.237+0000] {logging_mixin.py:188} INFO - [2024-05-03T11:09:51.237+0000] {dagbag.py:540} INFO - Filling up the DagBag from /opt/airflow/dags/load_data.py
[2024-05-03T11:09:51.644+0000] {processor.py:840} INFO - DAG(s) 'load_data_to_postgres' retrieved from /opt/airflow/dags/load_data.py
[2024-05-03T11:09:51.663+0000] {logging_mixin.py:188} INFO - [2024-05-03T11:09:51.663+0000] {dag.py:3096} INFO - Sync 1 DAGs
[2024-05-03T11:09:51.681+0000] {logging_mixin.py:188} INFO - [2024-05-03T11:09:51.680+0000] {dag.py:3954} INFO - Setting next_dagrun for load_data_to_postgres to 2024-05-03 00:00:00+00:00, run_after=2024-05-04 00:00:00+00:00
[2024-05-03T11:09:51.695+0000] {processor.py:183} INFO - Processing /opt/airflow/dags/load_data.py took 0.470 seconds
[2024-05-03T11:10:21.962+0000] {processor.py:161} INFO - Started process (PID=130) to work on /opt/airflow/dags/load_data.py
[2024-05-03T11:10:21.964+0000] {processor.py:830} INFO - Processing file /opt/airflow/dags/load_data.py for tasks to queue
[2024-05-03T11:10:21.967+0000] {logging_mixin.py:188} INFO - [2024-05-03T11:10:21.967+0000] {dagbag.py:540} INFO - Filling up the DagBag from /opt/airflow/dags/load_data.py
[2024-05-03T11:10:22.495+0000] {processor.py:840} INFO - DAG(s) 'load_data_to_postgres' retrieved from /opt/airflow/dags/load_data.py
[2024-05-03T11:10:22.520+0000] {logging_mixin.py:188} INFO - [2024-05-03T11:10:22.520+0000] {dag.py:3096} INFO - Sync 1 DAGs
[2024-05-03T11:10:22.540+0000] {logging_mixin.py:188} INFO - [2024-05-03T11:10:22.539+0000] {dag.py:3954} INFO - Setting next_dagrun for load_data_to_postgres to 2024-05-03 00:00:00+00:00, run_after=2024-05-04 00:00:00+00:00
[2024-05-03T11:10:22.556+0000] {processor.py:183} INFO - Processing /opt/airflow/dags/load_data.py took 0.602 seconds
[2024-05-03T11:10:52.692+0000] {processor.py:161} INFO - Started process (PID=138) to work on /opt/airflow/dags/load_data.py
[2024-05-03T11:10:52.693+0000] {processor.py:830} INFO - Processing file /opt/airflow/dags/load_data.py for tasks to queue
[2024-05-03T11:10:52.696+0000] {logging_mixin.py:188} INFO - [2024-05-03T11:10:52.695+0000] {dagbag.py:540} INFO - Filling up the DagBag from /opt/airflow/dags/load_data.py
[2024-05-03T11:10:53.147+0000] {processor.py:840} INFO - DAG(s) 'load_data_to_postgres' retrieved from /opt/airflow/dags/load_data.py
[2024-05-03T11:10:53.169+0000] {logging_mixin.py:188} INFO - [2024-05-03T11:10:53.169+0000] {dag.py:3096} INFO - Sync 1 DAGs
[2024-05-03T11:10:53.188+0000] {logging_mixin.py:188} INFO - [2024-05-03T11:10:53.188+0000] {dag.py:3954} INFO - Setting next_dagrun for load_data_to_postgres to 2024-05-03 00:00:00+00:00, run_after=2024-05-04 00:00:00+00:00
[2024-05-03T11:10:53.207+0000] {processor.py:183} INFO - Processing /opt/airflow/dags/load_data.py took 0.521 seconds
[2024-05-03T11:11:23.474+0000] {processor.py:161} INFO - Started process (PID=146) to work on /opt/airflow/dags/load_data.py
[2024-05-03T11:11:23.475+0000] {processor.py:830} INFO - Processing file /opt/airflow/dags/load_data.py for tasks to queue
[2024-05-03T11:11:23.480+0000] {logging_mixin.py:188} INFO - [2024-05-03T11:11:23.479+0000] {dagbag.py:540} INFO - Filling up the DagBag from /opt/airflow/dags/load_data.py
[2024-05-03T11:11:23.932+0000] {processor.py:840} INFO - DAG(s) 'load_data_to_postgres' retrieved from /opt/airflow/dags/load_data.py
[2024-05-03T11:11:23.955+0000] {logging_mixin.py:188} INFO - [2024-05-03T11:11:23.955+0000] {dag.py:3096} INFO - Sync 1 DAGs
[2024-05-03T11:11:23.974+0000] {logging_mixin.py:188} INFO - [2024-05-03T11:11:23.973+0000] {dag.py:3954} INFO - Setting next_dagrun for load_data_to_postgres to 2024-05-03 00:00:00+00:00, run_after=2024-05-04 00:00:00+00:00
[2024-05-03T11:11:23.992+0000] {processor.py:183} INFO - Processing /opt/airflow/dags/load_data.py took 0.530 seconds
[2024-05-03T11:11:54.197+0000] {processor.py:161} INFO - Started process (PID=154) to work on /opt/airflow/dags/load_data.py
[2024-05-03T11:11:54.198+0000] {processor.py:830} INFO - Processing file /opt/airflow/dags/load_data.py for tasks to queue
[2024-05-03T11:11:54.201+0000] {logging_mixin.py:188} INFO - [2024-05-03T11:11:54.201+0000] {dagbag.py:540} INFO - Filling up the DagBag from /opt/airflow/dags/load_data.py
[2024-05-03T11:11:54.682+0000] {processor.py:840} INFO - DAG(s) 'load_data_to_postgres' retrieved from /opt/airflow/dags/load_data.py
[2024-05-03T11:11:54.704+0000] {logging_mixin.py:188} INFO - [2024-05-03T11:11:54.703+0000] {dag.py:3096} INFO - Sync 1 DAGs
[2024-05-03T11:11:54.728+0000] {logging_mixin.py:188} INFO - [2024-05-03T11:11:54.728+0000] {dag.py:3954} INFO - Setting next_dagrun for load_data_to_postgres to 2024-05-03 00:00:00+00:00, run_after=2024-05-04 00:00:00+00:00
[2024-05-03T11:11:54.748+0000] {processor.py:183} INFO - Processing /opt/airflow/dags/load_data.py took 0.559 seconds
[2024-05-03T11:12:24.854+0000] {processor.py:161} INFO - Started process (PID=162) to work on /opt/airflow/dags/load_data.py
[2024-05-03T11:12:24.856+0000] {processor.py:830} INFO - Processing file /opt/airflow/dags/load_data.py for tasks to queue
[2024-05-03T11:12:24.861+0000] {logging_mixin.py:188} INFO - [2024-05-03T11:12:24.860+0000] {dagbag.py:540} INFO - Filling up the DagBag from /opt/airflow/dags/load_data.py
[2024-05-03T11:12:25.263+0000] {processor.py:840} INFO - DAG(s) 'load_data_to_postgres' retrieved from /opt/airflow/dags/load_data.py
[2024-05-03T11:12:25.282+0000] {logging_mixin.py:188} INFO - [2024-05-03T11:12:25.281+0000] {dag.py:3096} INFO - Sync 1 DAGs
[2024-05-03T11:12:25.299+0000] {logging_mixin.py:188} INFO - [2024-05-03T11:12:25.299+0000] {dag.py:3954} INFO - Setting next_dagrun for load_data_to_postgres to 2024-05-03 00:00:00+00:00, run_after=2024-05-04 00:00:00+00:00
[2024-05-03T11:12:25.333+0000] {processor.py:183} INFO - Processing /opt/airflow/dags/load_data.py took 0.495 seconds
[2024-05-03T11:12:55.599+0000] {processor.py:161} INFO - Started process (PID=170) to work on /opt/airflow/dags/load_data.py
[2024-05-03T11:12:55.600+0000] {processor.py:830} INFO - Processing file /opt/airflow/dags/load_data.py for tasks to queue
[2024-05-03T11:12:55.605+0000] {logging_mixin.py:188} INFO - [2024-05-03T11:12:55.604+0000] {dagbag.py:540} INFO - Filling up the DagBag from /opt/airflow/dags/load_data.py
[2024-05-03T11:12:56.092+0000] {processor.py:840} INFO - DAG(s) 'load_data_to_postgres' retrieved from /opt/airflow/dags/load_data.py
[2024-05-03T11:12:56.116+0000] {logging_mixin.py:188} INFO - [2024-05-03T11:12:56.115+0000] {dag.py:3096} INFO - Sync 1 DAGs
[2024-05-03T11:12:56.135+0000] {logging_mixin.py:188} INFO - [2024-05-03T11:12:56.135+0000] {dag.py:3954} INFO - Setting next_dagrun for load_data_to_postgres to 2024-05-03 00:00:00+00:00, run_after=2024-05-04 00:00:00+00:00
[2024-05-03T11:12:56.155+0000] {processor.py:183} INFO - Processing /opt/airflow/dags/load_data.py took 0.565 seconds
[2024-05-03T11:13:26.387+0000] {processor.py:161} INFO - Started process (PID=178) to work on /opt/airflow/dags/load_data.py
[2024-05-03T11:13:26.389+0000] {processor.py:830} INFO - Processing file /opt/airflow/dags/load_data.py for tasks to queue
[2024-05-03T11:13:26.392+0000] {logging_mixin.py:188} INFO - [2024-05-03T11:13:26.391+0000] {dagbag.py:540} INFO - Filling up the DagBag from /opt/airflow/dags/load_data.py
[2024-05-03T11:13:26.777+0000] {processor.py:840} INFO - DAG(s) 'load_data_to_postgres' retrieved from /opt/airflow/dags/load_data.py
[2024-05-03T11:13:26.797+0000] {logging_mixin.py:188} INFO - [2024-05-03T11:13:26.797+0000] {dag.py:3096} INFO - Sync 1 DAGs
[2024-05-03T11:13:26.814+0000] {logging_mixin.py:188} INFO - [2024-05-03T11:13:26.814+0000] {dag.py:3954} INFO - Setting next_dagrun for load_data_to_postgres to 2024-05-03 00:00:00+00:00, run_after=2024-05-04 00:00:00+00:00
[2024-05-03T11:13:26.839+0000] {processor.py:183} INFO - Processing /opt/airflow/dags/load_data.py took 0.461 seconds
[2024-05-03T11:13:57.118+0000] {processor.py:161} INFO - Started process (PID=186) to work on /opt/airflow/dags/load_data.py
[2024-05-03T11:13:57.121+0000] {processor.py:830} INFO - Processing file /opt/airflow/dags/load_data.py for tasks to queue
[2024-05-03T11:13:57.127+0000] {logging_mixin.py:188} INFO - [2024-05-03T11:13:57.126+0000] {dagbag.py:540} INFO - Filling up the DagBag from /opt/airflow/dags/load_data.py
[2024-05-03T11:13:57.517+0000] {processor.py:840} INFO - DAG(s) 'load_data_to_postgres' retrieved from /opt/airflow/dags/load_data.py
[2024-05-03T11:13:57.553+0000] {logging_mixin.py:188} INFO - [2024-05-03T11:13:57.552+0000] {dag.py:3096} INFO - Sync 1 DAGs
[2024-05-03T11:13:57.569+0000] {logging_mixin.py:188} INFO - [2024-05-03T11:13:57.568+0000] {dag.py:3954} INFO - Setting next_dagrun for load_data_to_postgres to 2024-05-03 00:00:00+00:00, run_after=2024-05-04 00:00:00+00:00
[2024-05-03T11:13:57.583+0000] {processor.py:183} INFO - Processing /opt/airflow/dags/load_data.py took 0.486 seconds
[2024-05-03T11:14:27.878+0000] {processor.py:161} INFO - Started process (PID=194) to work on /opt/airflow/dags/load_data.py
[2024-05-03T11:14:27.880+0000] {processor.py:830} INFO - Processing file /opt/airflow/dags/load_data.py for tasks to queue
[2024-05-03T11:14:27.885+0000] {logging_mixin.py:188} INFO - [2024-05-03T11:14:27.884+0000] {dagbag.py:540} INFO - Filling up the DagBag from /opt/airflow/dags/load_data.py
[2024-05-03T11:14:28.274+0000] {processor.py:840} INFO - DAG(s) 'load_data_to_postgres' retrieved from /opt/airflow/dags/load_data.py
[2024-05-03T11:14:28.294+0000] {logging_mixin.py:188} INFO - [2024-05-03T11:14:28.294+0000] {dag.py:3096} INFO - Sync 1 DAGs
[2024-05-03T11:14:28.313+0000] {logging_mixin.py:188} INFO - [2024-05-03T11:14:28.313+0000] {dag.py:3954} INFO - Setting next_dagrun for load_data_to_postgres to 2024-05-03 00:00:00+00:00, run_after=2024-05-04 00:00:00+00:00
[2024-05-03T11:14:28.330+0000] {processor.py:183} INFO - Processing /opt/airflow/dags/load_data.py took 0.462 seconds
[2024-05-03T11:14:58.596+0000] {processor.py:161} INFO - Started process (PID=202) to work on /opt/airflow/dags/load_data.py
[2024-05-03T11:14:58.598+0000] {processor.py:830} INFO - Processing file /opt/airflow/dags/load_data.py for tasks to queue
[2024-05-03T11:14:58.602+0000] {logging_mixin.py:188} INFO - [2024-05-03T11:14:58.601+0000] {dagbag.py:540} INFO - Filling up the DagBag from /opt/airflow/dags/load_data.py
[2024-05-03T11:14:59.048+0000] {processor.py:840} INFO - DAG(s) 'load_data_to_postgres' retrieved from /opt/airflow/dags/load_data.py
[2024-05-03T11:14:59.080+0000] {logging_mixin.py:188} INFO - [2024-05-03T11:14:59.080+0000] {dag.py:3096} INFO - Sync 1 DAGs
[2024-05-03T11:14:59.099+0000] {logging_mixin.py:188} INFO - [2024-05-03T11:14:59.099+0000] {dag.py:3954} INFO - Setting next_dagrun for load_data_to_postgres to 2024-05-03 00:00:00+00:00, run_after=2024-05-04 00:00:00+00:00
[2024-05-03T11:14:59.119+0000] {processor.py:183} INFO - Processing /opt/airflow/dags/load_data.py took 0.536 seconds
[2024-05-03T11:15:29.395+0000] {processor.py:161} INFO - Started process (PID=210) to work on /opt/airflow/dags/load_data.py
[2024-05-03T11:15:29.397+0000] {processor.py:830} INFO - Processing file /opt/airflow/dags/load_data.py for tasks to queue
[2024-05-03T11:15:29.400+0000] {logging_mixin.py:188} INFO - [2024-05-03T11:15:29.399+0000] {dagbag.py:540} INFO - Filling up the DagBag from /opt/airflow/dags/load_data.py
[2024-05-03T11:15:29.800+0000] {processor.py:840} INFO - DAG(s) 'load_data_to_postgres' retrieved from /opt/airflow/dags/load_data.py
[2024-05-03T11:15:29.819+0000] {logging_mixin.py:188} INFO - [2024-05-03T11:15:29.818+0000] {dag.py:3096} INFO - Sync 1 DAGs
[2024-05-03T11:15:29.837+0000] {logging_mixin.py:188} INFO - [2024-05-03T11:15:29.836+0000] {dag.py:3954} INFO - Setting next_dagrun for load_data_to_postgres to 2024-05-03 00:00:00+00:00, run_after=2024-05-04 00:00:00+00:00
[2024-05-03T11:15:29.852+0000] {processor.py:183} INFO - Processing /opt/airflow/dags/load_data.py took 0.469 seconds
[2024-05-03T11:16:00.089+0000] {processor.py:161} INFO - Started process (PID=218) to work on /opt/airflow/dags/load_data.py
[2024-05-03T11:16:00.091+0000] {processor.py:830} INFO - Processing file /opt/airflow/dags/load_data.py for tasks to queue
[2024-05-03T11:16:00.095+0000] {logging_mixin.py:188} INFO - [2024-05-03T11:16:00.094+0000] {dagbag.py:540} INFO - Filling up the DagBag from /opt/airflow/dags/load_data.py
[2024-05-03T11:16:00.490+0000] {processor.py:840} INFO - DAG(s) 'load_data_to_postgres' retrieved from /opt/airflow/dags/load_data.py
[2024-05-03T11:16:00.510+0000] {logging_mixin.py:188} INFO - [2024-05-03T11:16:00.510+0000] {dag.py:3096} INFO - Sync 1 DAGs
[2024-05-03T11:16:00.531+0000] {logging_mixin.py:188} INFO - [2024-05-03T11:16:00.531+0000] {dag.py:3954} INFO - Setting next_dagrun for load_data_to_postgres to 2024-05-03 00:00:00+00:00, run_after=2024-05-04 00:00:00+00:00
[2024-05-03T11:16:00.548+0000] {processor.py:183} INFO - Processing /opt/airflow/dags/load_data.py took 0.469 seconds
[2024-05-03T11:16:30.853+0000] {processor.py:161} INFO - Started process (PID=226) to work on /opt/airflow/dags/load_data.py
[2024-05-03T11:16:30.855+0000] {processor.py:830} INFO - Processing file /opt/airflow/dags/load_data.py for tasks to queue
[2024-05-03T11:16:30.860+0000] {logging_mixin.py:188} INFO - [2024-05-03T11:16:30.859+0000] {dagbag.py:540} INFO - Filling up the DagBag from /opt/airflow/dags/load_data.py
[2024-05-03T11:16:31.277+0000] {processor.py:840} INFO - DAG(s) 'load_data_to_postgres' retrieved from /opt/airflow/dags/load_data.py
[2024-05-03T11:16:31.300+0000] {logging_mixin.py:188} INFO - [2024-05-03T11:16:31.300+0000] {dag.py:3096} INFO - Sync 1 DAGs
[2024-05-03T11:16:31.319+0000] {logging_mixin.py:188} INFO - [2024-05-03T11:16:31.319+0000] {dag.py:3954} INFO - Setting next_dagrun for load_data_to_postgres to 2024-05-03 00:00:00+00:00, run_after=2024-05-04 00:00:00+00:00
[2024-05-03T11:16:31.350+0000] {processor.py:183} INFO - Processing /opt/airflow/dags/load_data.py took 0.517 seconds
[2024-05-03T11:17:01.585+0000] {processor.py:161} INFO - Started process (PID=234) to work on /opt/airflow/dags/load_data.py
[2024-05-03T11:17:01.587+0000] {processor.py:830} INFO - Processing file /opt/airflow/dags/load_data.py for tasks to queue
[2024-05-03T11:17:01.590+0000] {logging_mixin.py:188} INFO - [2024-05-03T11:17:01.590+0000] {dagbag.py:540} INFO - Filling up the DagBag from /opt/airflow/dags/load_data.py
[2024-05-03T11:17:01.999+0000] {processor.py:840} INFO - DAG(s) 'load_data_to_postgres' retrieved from /opt/airflow/dags/load_data.py
[2024-05-03T11:17:02.017+0000] {logging_mixin.py:188} INFO - [2024-05-03T11:17:02.017+0000] {dag.py:3096} INFO - Sync 1 DAGs
[2024-05-03T11:17:02.034+0000] {logging_mixin.py:188} INFO - [2024-05-03T11:17:02.034+0000] {dag.py:3954} INFO - Setting next_dagrun for load_data_to_postgres to 2024-05-03 00:00:00+00:00, run_after=2024-05-04 00:00:00+00:00
[2024-05-03T11:17:02.053+0000] {processor.py:183} INFO - Processing /opt/airflow/dags/load_data.py took 0.477 seconds
[2024-05-03T11:17:32.338+0000] {processor.py:161} INFO - Started process (PID=242) to work on /opt/airflow/dags/load_data.py
[2024-05-03T11:17:32.340+0000] {processor.py:830} INFO - Processing file /opt/airflow/dags/load_data.py for tasks to queue
[2024-05-03T11:17:32.345+0000] {logging_mixin.py:188} INFO - [2024-05-03T11:17:32.344+0000] {dagbag.py:540} INFO - Filling up the DagBag from /opt/airflow/dags/load_data.py
[2024-05-03T11:17:32.783+0000] {processor.py:840} INFO - DAG(s) 'load_data_to_postgres' retrieved from /opt/airflow/dags/load_data.py
[2024-05-03T11:17:32.802+0000] {logging_mixin.py:188} INFO - [2024-05-03T11:17:32.801+0000] {dag.py:3096} INFO - Sync 1 DAGs
[2024-05-03T11:17:32.819+0000] {logging_mixin.py:188} INFO - [2024-05-03T11:17:32.819+0000] {dag.py:3954} INFO - Setting next_dagrun for load_data_to_postgres to 2024-05-03 00:00:00+00:00, run_after=2024-05-04 00:00:00+00:00
[2024-05-03T11:17:32.848+0000] {processor.py:183} INFO - Processing /opt/airflow/dags/load_data.py took 0.532 seconds
[2024-05-03T11:18:03.075+0000] {processor.py:161} INFO - Started process (PID=250) to work on /opt/airflow/dags/load_data.py
[2024-05-03T11:18:03.076+0000] {processor.py:830} INFO - Processing file /opt/airflow/dags/load_data.py for tasks to queue
[2024-05-03T11:18:03.078+0000] {logging_mixin.py:188} INFO - [2024-05-03T11:18:03.078+0000] {dagbag.py:540} INFO - Filling up the DagBag from /opt/airflow/dags/load_data.py
[2024-05-03T11:18:03.518+0000] {processor.py:840} INFO - DAG(s) 'load_data_to_postgres' retrieved from /opt/airflow/dags/load_data.py
[2024-05-03T11:18:03.538+0000] {logging_mixin.py:188} INFO - [2024-05-03T11:18:03.538+0000] {dag.py:3096} INFO - Sync 1 DAGs
[2024-05-03T11:18:03.555+0000] {logging_mixin.py:188} INFO - [2024-05-03T11:18:03.555+0000] {dag.py:3954} INFO - Setting next_dagrun for load_data_to_postgres to 2024-05-03 00:00:00+00:00, run_after=2024-05-04 00:00:00+00:00
[2024-05-03T11:18:03.573+0000] {processor.py:183} INFO - Processing /opt/airflow/dags/load_data.py took 0.505 seconds
[2024-05-03T11:18:33.825+0000] {processor.py:161} INFO - Started process (PID=258) to work on /opt/airflow/dags/load_data.py
[2024-05-03T11:18:33.826+0000] {processor.py:830} INFO - Processing file /opt/airflow/dags/load_data.py for tasks to queue
[2024-05-03T11:18:33.829+0000] {logging_mixin.py:188} INFO - [2024-05-03T11:18:33.828+0000] {dagbag.py:540} INFO - Filling up the DagBag from /opt/airflow/dags/load_data.py
[2024-05-03T11:18:34.292+0000] {processor.py:840} INFO - DAG(s) 'load_data_to_postgres' retrieved from /opt/airflow/dags/load_data.py
[2024-05-03T11:18:34.317+0000] {logging_mixin.py:188} INFO - [2024-05-03T11:18:34.317+0000] {dag.py:3096} INFO - Sync 1 DAGs
[2024-05-03T11:18:34.338+0000] {logging_mixin.py:188} INFO - [2024-05-03T11:18:34.338+0000] {dag.py:3954} INFO - Setting next_dagrun for load_data_to_postgres to 2024-05-03 00:00:00+00:00, run_after=2024-05-04 00:00:00+00:00
[2024-05-03T11:18:34.357+0000] {processor.py:183} INFO - Processing /opt/airflow/dags/load_data.py took 0.537 seconds
[2024-05-03T11:19:04.470+0000] {processor.py:161} INFO - Started process (PID=266) to work on /opt/airflow/dags/load_data.py
[2024-05-03T11:19:04.472+0000] {processor.py:830} INFO - Processing file /opt/airflow/dags/load_data.py for tasks to queue
[2024-05-03T11:19:04.474+0000] {logging_mixin.py:188} INFO - [2024-05-03T11:19:04.473+0000] {dagbag.py:540} INFO - Filling up the DagBag from /opt/airflow/dags/load_data.py
[2024-05-03T11:19:04.958+0000] {processor.py:840} INFO - DAG(s) 'load_data_to_postgres' retrieved from /opt/airflow/dags/load_data.py
[2024-05-03T11:19:04.980+0000] {logging_mixin.py:188} INFO - [2024-05-03T11:19:04.979+0000] {dag.py:3096} INFO - Sync 1 DAGs
[2024-05-03T11:19:05.002+0000] {logging_mixin.py:188} INFO - [2024-05-03T11:19:05.001+0000] {dag.py:3954} INFO - Setting next_dagrun for load_data_to_postgres to 2024-05-03 00:00:00+00:00, run_after=2024-05-04 00:00:00+00:00
[2024-05-03T11:19:05.021+0000] {processor.py:183} INFO - Processing /opt/airflow/dags/load_data.py took 0.556 seconds
[2024-05-03T11:19:35.323+0000] {processor.py:161} INFO - Started process (PID=274) to work on /opt/airflow/dags/load_data.py
[2024-05-03T11:19:35.326+0000] {processor.py:830} INFO - Processing file /opt/airflow/dags/load_data.py for tasks to queue
[2024-05-03T11:19:35.332+0000] {logging_mixin.py:188} INFO - [2024-05-03T11:19:35.331+0000] {dagbag.py:540} INFO - Filling up the DagBag from /opt/airflow/dags/load_data.py
[2024-05-03T11:19:35.732+0000] {processor.py:840} INFO - DAG(s) 'load_data_to_postgres' retrieved from /opt/airflow/dags/load_data.py
[2024-05-03T11:19:35.764+0000] {logging_mixin.py:188} INFO - [2024-05-03T11:19:35.764+0000] {dag.py:3096} INFO - Sync 1 DAGs
[2024-05-03T11:19:35.780+0000] {logging_mixin.py:188} INFO - [2024-05-03T11:19:35.780+0000] {dag.py:3954} INFO - Setting next_dagrun for load_data_to_postgres to 2024-05-03 00:00:00+00:00, run_after=2024-05-04 00:00:00+00:00
[2024-05-03T11:19:35.795+0000] {processor.py:183} INFO - Processing /opt/airflow/dags/load_data.py took 0.496 seconds
[2024-05-03T11:20:05.972+0000] {processor.py:161} INFO - Started process (PID=282) to work on /opt/airflow/dags/load_data.py
[2024-05-03T11:20:05.975+0000] {processor.py:830} INFO - Processing file /opt/airflow/dags/load_data.py for tasks to queue
[2024-05-03T11:20:05.982+0000] {logging_mixin.py:188} INFO - [2024-05-03T11:20:05.982+0000] {dagbag.py:540} INFO - Filling up the DagBag from /opt/airflow/dags/load_data.py
